  Main.cpp
H:\CPP PROJECTS\TEST\TEST\Main.h(1,13): error C4430: missing type specifier - int assumed. Note: C++ does not support default-int
H:\CPP PROJECTS\TEST\TEST\Main.h(1,8): error C2146: syntax error: missing ';' before identifier 'strnl'
H:\CPP PROJECTS\TEST\TEST\Main.cpp(7,12): error C2874: using-declaration causes a multiple declaration of 'string'
H:\CPP PROJECTS\TEST\TEST\Main.h(1): message : see declaration of 'string'
H:\CPP PROJECTS\TEST\TEST\Main.cpp(9,9): error C2146: syntax error: missing ';' before identifier 'x'
H:\CPP PROJECTS\TEST\TEST\Main.cpp(9,9): error C2065: 'x': undeclared identifier
H:\CPP PROJECTS\TEST\TEST\Main.cpp(10,10): error C3861: 'strnl': identifier not found
H:\CPP PROJECTS\TEST\TEST\Main.cpp(12,9): error C2065: 'x': undeclared identifier
H:\CPP PROJECTS\TEST\TEST\Main.cpp(14,22): error C2065: 'x': undeclared identifier
H:\CPP PROJECTS\TEST\TEST\Main.cpp(24,13): error C4430: missing type specifier - int assumed. Note: C++ does not support default-int
H:\CPP PROJECTS\TEST\TEST\Main.cpp(24,1): error C2086: 'int string': redefinition
H:\CPP PROJECTS\TEST\TEST\Main.h(1): message : see declaration of 'string'
H:\CPP PROJECTS\TEST\TEST\Main.cpp(24,8): error C2146: syntax error: missing ';' before identifier 'strnl'
H:\CPP PROJECTS\TEST\TEST\Main.cpp(24,26): error C2143: syntax error: missing ';' before '{'
H:\CPP PROJECTS\TEST\TEST\Main.cpp(24,26): error C2447: '{': missing function header (old-style formal list?)
